# JRE version: Java(TM) SE Runtime Environment (8.0_181-b13) (build 1.8.0_181-b13)
# Java VM: Java HotSpot(TM) 64-Bit Server VM (25.181-b13 mixed mode windows-amd64 compressed oops)
Heap:
 PSYoungGen      total 466432K, used 252226K [0x00000000d5c00000, 0x00000000f4200000, 0x0000000100000000)
  eden space 446464K, 52% used [0x00000000d5c00000,0x00000000e3ed1dd8,0x00000000f1000000)
  from space 19968K, 99% used [0x00000000f2800000,0x00000000f3b7ed90,0x00000000f3b80000)
  to   space 24576K, 0% used [0x00000000f1000000,0x00000000f1000000,0x00000000f2800000)
 ParOldGen       total 73728K, used 29035K [0x0000000081400000, 0x0000000085c00000, 0x00000000d5c00000)
  object space 73728K, 39% used [0x0000000081400000,0x000000008305afe0,0x0000000085c00000)
 Metaspace       used 49135K, capacity 50772K, committed 51072K, reserved 1093632K
  class space    used 6395K, capacity 6728K, committed 6784K, reserved 1048576K
GC Heap History (10 events):
Event: 6.854 GC heap before
{Heap before GC invocations=10 (full 1):
 PSYoungGen      total 233472K, used 78990K [0x00000000d5c00000, 0x00000000e6080000, 0x0000000100000000)
  eden space 222720K, 30% used [0x00000000d5c00000,0x00000000d9ea9320,0x00000000e3580000)
  from space 10752K, 99% used [0x00000000e4500000,0x00000000e4f7a650,0x00000000e4f80000)
  to   space 15872K, 0% used [0x00000000e3580000,0x00000000e3580000,0x00000000e4500000)
 ParOldGen       total 46592K, used 15912K [0x0000000081400000, 0x0000000084180000, 0x00000000d5c00000)
  object space 46592K, 34% used [0x0000000081400000,0x000000008238a380,0x0000000084180000)
 Metaspace       used 34120K, capacity 35410K, committed 35496K, reserved 1079296K
  class space    used 4527K, capacity 4815K, committed 4864K, reserved 1048576K
Event: 6.874 GC heap after
Heap after GC invocations=10 (full 1):
 PSYoungGen      total 238592K, used 12852K [0x00000000d5c00000, 0x00000000ebc80000, 0x0000000100000000)
  eden space 222720K, 0% used [0x00000000d5c00000,0x00000000d5c00000,0x00000000e3580000)
  from space 15872K, 80% used [0x00000000e3580000,0x00000000e420d318,0x00000000e4500000)
  to   space 16896K, 0% used [0x00000000eac00000,0x00000000eac00000,0x00000000ebc80000)
 ParOldGen       total 46592K, used 17920K [0x0000000081400000, 0x0000000084180000, 0x00000000d5c00000)
  object space 46592K, 38% used [0x0000000081400000,0x00000000825803a0,0x0000000084180000)
 Metaspace       used 34120K, capacity 35410K, committed 35496K, reserved 1079296K
  class space    used 4527K, capacity 4815K, committed 4864K, reserved 1048576K
}
Event: 6.874 GC heap before
{Heap before GC invocations=11 (full 2):
 PSYoungGen      total 238592K, used 12852K [0x00000000d5c00000, 0x00000000ebc80000, 0x0000000100000000)
  eden space 222720K, 0% used [0x00000000d5c00000,0x00000000d5c00000,0x00000000e3580000)
  from space 15872K, 80% used [0x00000000e3580000,0x00000000e420d318,0x00000000e4500000)
  to   space 16896K, 0% used [0x00000000eac00000,0x00000000eac00000,0x00000000ebc80000)
 ParOldGen       total 46592K, used 17920K [0x0000000081400000, 0x0000000084180000, 0x00000000d5c00000)
  object space 46592K, 38% used [0x0000000081400000,0x00000000825803a0,0x0000000084180000)
 Metaspace       used 34120K, capacity 35410K, committed 35496K, reserved 1079296K
  class space    used 4527K, capacity 4815K, committed 4864K, reserved 1048576K
Event: 6.947 GC heap after
Heap after GC invocations=11 (full 2):
 PSYoungGen      total 238592K, used 0K [0x00000000d5c00000, 0x00000000ebc80000, 0x0000000100000000)
  eden space 222720K, 0% used [0x00000000d5c00000,0x00000000d5c00000,0x00000000e3580000)
  from space 15872K, 0% used [0x00000000e3580000,0x00000000e3580000,0x00000000e4500000)
  to   space 16896K, 0% used [0x00000000eac00000,0x00000000eac00000,0x00000000ebc80000)
 ParOldGen       total 73728K, used 20805K [0x0000000081400000, 0x0000000085c00000, 0x00000000d5c00000)
  object space 73728K, 28% used [0x0000000081400000,0x00000000828517a8,0x0000000085c00000)
 Metaspace       used 34120K, capacity 35410K, committed 35496K, reserved 1079296K
  class space    used 4527K, capacity 4815K, committed 4864K, reserved 1048576K
}
Event: 8.007 GC heap before
{Heap before GC invocations=12 (full 2):
 PSYoungGen      total 238592K, used 222720K [0x00000000d5c00000, 0x00000000ebc80000, 0x0000000100000000)
  eden space 222720K, 100% used [0x00000000d5c00000,0x00000000e3580000,0x00000000e3580000)
  from space 15872K, 0% used [0x00000000e3580000,0x00000000e3580000,0x00000000e4500000)
  to   space 16896K, 0% used [0x00000000eac00000,0x00000000eac00000,0x00000000ebc80000)
 ParOldGen       total 73728K, used 20805K [0x0000000081400000, 0x0000000085c00000, 0x00000000d5c00000)
  object space 73728K, 28% used [0x0000000081400000,0x00000000828517a8,0x0000000085c00000)
 Metaspace       used 36137K, capacity 37460K, committed 37632K, reserved 1081344K
  class space    used 4783K, capacity 5048K, committed 5120K, reserved 1048576K
Event: 8.023 GC heap after
Heap after GC invocations=12 (full 2):
 PSYoungGen      total 336384K, used 16869K [0x00000000d5c00000, 0x00000000ebc80000, 0x0000000100000000)
  eden space 319488K, 0% used [0x00000000d5c00000,0x00000000d5c00000,0x00000000e9400000)
  from space 16896K, 99% used [0x00000000eac00000,0x00000000ebc79508,0x00000000ebc80000)
  to   space 19456K, 0% used [0x00000000e9680000,0x00000000e9680000,0x00000000ea980000)
 ParOldGen       total 73728K, used 21326K [0x0000000081400000, 0x0000000085c00000, 0x00000000d5c00000)
  object space 73728K, 28% used [0x0000000081400000,0x00000000828d3b58,0x0000000085c00000)
 Metaspace       used 36137K, capacity 37460K, committed 37632K, reserved 1081344K
  class space    used 4783K, capacity 5048K, committed 5120K, reserved 1048576K
}
Event: 9.435 GC heap before
{Heap before GC invocations=13 (full 2):
 PSYoungGen      total 336384K, used 336357K [0x00000000d5c00000, 0x00000000ebc80000, 0x0000000100000000)
  eden space 319488K, 100% used [0x00000000d5c00000,0x00000000e9400000,0x00000000e9400000)
  from space 16896K, 99% used [0x00000000eac00000,0x00000000ebc79508,0x00000000ebc80000)
  to   space 19456K, 0% used [0x00000000e9680000,0x00000000e9680000,0x00000000ea980000)
 ParOldGen       total 73728K, used 21326K [0x0000000081400000, 0x0000000085c00000, 0x00000000d5c00000)
  object space 73728K, 28% used [0x0000000081400000,0x00000000828d3b58,0x0000000085c00000)
 Metaspace       used 40662K, capacity 42038K, committed 42240K, reserved 1085440K
  class space    used 5313K, capacity 5607K, committed 5632K, reserved 1048576K
Event: 9.459 GC heap after
Heap after GC invocations=13 (full 2):
 PSYoungGen      total 341504K, used 13523K [0x00000000d5c00000, 0x00000000f3b80000, 0x0000000100000000)
  eden space 322048K, 0% used [0x00000000d5c00000,0x00000000d5c00000,0x00000000e9680000)
  from space 19456K, 69% used [0x00000000e9680000,0x00000000ea3b4f08,0x00000000ea980000)
  to   space 19968K, 0% used [0x00000000f2800000,0x00000000f2800000,0x00000000f3b80000)
 ParOldGen       total 73728K, used 23438K [0x0000000081400000, 0x0000000085c00000, 0x00000000d5c00000)
  object space 73728K, 31% used [0x0000000081400000,0x0000000082ae3bd8,0x0000000085c00000)
 Metaspace       used 40662K, capacity 42038K, committed 42240K, reserved 1085440K
  class space    used 5313K, capacity 5607K, committed 5632K, reserved 1048576K
}
Event: 10.764 GC heap before
{Heap before GC invocations=14 (full 2):
 PSYoungGen      total 341504K, used 335571K [0x00000000d5c00000, 0x00000000f3b80000, 0x0000000100000000)
  eden space 322048K, 100% used [0x00000000d5c00000,0x00000000e9680000,0x00000000e9680000)
  from space 19456K, 69% used [0x00000000e9680000,0x00000000ea3b4f08,0x00000000ea980000)
  to   space 19968K, 0% used [0x00000000f2800000,0x00000000f2800000,0x00000000f3b80000)
 ParOldGen       total 73728K, used 23438K [0x0000000081400000, 0x0000000085c00000, 0x00000000d5c00000)
  object space 73728K, 31% used [0x0000000081400000,0x0000000082ae3bd8,0x0000000085c00000)
 Metaspace       used 42250K, capacity 43810K, committed 44032K, reserved 1087488K
  class space    used 5537K, capacity 5860K, committed 5888K, reserved 1048576K
Event: 10.789 GC heap after
Heap after GC invocations=14 (full 2):
 PSYoungGen      total 466432K, used 19963K [0x00000000d5c00000, 0x00000000f4200000, 0x0000000100000000)
  eden space 446464K, 0% used [0x00000000d5c00000,0x00000000d5c00000,0x00000000f1000000)
  from space 19968K, 99% used [0x00000000f2800000,0x00000000f3b7ed90,0x00000000f3b80000)
  to   space 24576K, 0% used [0x00000000f1000000,0x00000000f1000000,0x00000000f2800000)
 ParOldGen       total 73728K, used 29035K [0x0000000081400000, 0x0000000085c00000, 0x00000000d5c00000)
  object space 73728K, 39% used [0x0000000081400000,0x000000008305afe0,0x0000000085c00000)
 Metaspace       used 42250K, capacity 43810K, committed 44032K, reserved 1087488K
  class space    used 5537K, capacity 5860K, committed 5888K, reserved 1048576K
}

